GeneTorrent download parameters
===============================
Number of child processes = 24
Maximum network bandwidth = 10000 MB/s
Data transfer timeout     = 10 min
Destination directory     = /tmp/aferreir
CGHub data source         = 39bd3aa6-301d-4b80-bd0a-3949edee80ea

gtdownload command = /usr/bin/gtdownload -t -v --max-children 24 --rate-limit 10000 -k 10 -c https://cghub.ucsc.edu/software/downloads/cghub_public.key -p /tmp/aferreir -d 39bd3aa6-301d-4b80-bd0a-3949edee80ea

09/01-11:41:28.838-0400 Welcome to gtdownload-3.8.3.
09/01-11:41:28.839-0400 Ready to download
09/01-11:41:28.839-0400 Communicating with GT Executive ...        
09/01-11:41:36.919-0400 Status: 0 bytes downloaded (0.000% complete) current rate:        /s
09/01-11:41:41.947-0400 Status: 0 bytes downloaded (0.000% complete) current rate:        /s
09/01-11:41:46.976-0400 Status:  559 kB downloaded (0.007% complete) current rate:  132 kB/s
09/01-11:41:52.004-0400 Status:  124 MB downloaded (1.546% complete) current rate:  17.0 MB/s
09/01-11:41:57.030-0400 Status:  529 MB downloaded (6.556% complete) current rate:  61.7 MB/s
09/01-11:42:02.052-0400 Status: 1.04 GB downloaded (12.902% complete) current rate:  91.0 MB/s
09/01-11:42:07.074-0400 Status: 1.54 GB downloaded (19.192% complete) current rate:  102 MB/s
09/01-11:42:12.096-0400 Status: 2.19 GB downloaded (27.197% complete) current rate:  124 MB/s
09/01-11:42:17.117-0400 Status: 2.89 GB downloaded (35.889% complete) current rate:  136 MB/s
09/01-11:42:22.140-0400 Status: 3.65 GB downloaded (45.265% complete) current rate:  141 MB/s
09/01-11:42:27.157-0400 Status: 4.40 GB downloaded (54.534% complete) current rate:  150 MB/s
09/01-11:42:32.173-0400 Status: 5.20 GB downloaded (64.455% complete) current rate:  155 MB/s
09/01-11:42:37.189-0400 Status: 5.84 GB downloaded (72.378% complete) current rate:  142 MB/s
09/01-11:42:42.206-0400 Status: 6.65 GB downloaded (82.504% complete) current rate:  159 MB/s
09/01-11:42:47.079-0400 Status: 7.37 GB downloaded (91.416% complete) current rate:  156 MB/s
09/01-11:42:51.199-0400 Status: 8.00 GB downloaded (99.222% complete) current rate:  160 MB/s
09/01-11:42:57.096-0400 Status: 8.07 GB downloaded (100.000% complete) current rate:  19.8 MB/s
09/01-11:42:57.346-0400 Downloaded 8.07 GB in 00:01:29.  Overall Rate 90.6 MB/s
===============================================================================
Elapsed time = 0 days 0 hours 1 minutes 33.4 seconds


GeneTorrent download parameters
===============================
Number of child processes = 24
Maximum network bandwidth = 10000 MB/s
Data transfer timeout     = 10 min
Destination directory     = /tmp/aferreir
CGHub data source         = 05aabb2e-9f6e-46a2-b75d-cac92210e04f

gtdownload command = /usr/bin/gtdownload -t -v --max-children 24 --rate-limit 10000 -k 10 -c https://cghub.ucsc.edu/software/downloads/cghub_public.key -p /tmp/aferreir -d 05aabb2e-9f6e-46a2-b75d-cac92210e04f

09/01-11:43:03.921-0400 Welcome to gtdownload-3.8.3.
09/01-11:43:03.921-0400 Ready to download
09/01-11:43:03.921-0400 Communicating with GT Executive ...        
09/01-11:43:12.026-0400 Status: 4.27 MB downloaded (0.039% complete) current rate:  1.13 MB/s
09/01-11:43:17.045-0400 Status:  217 MB downloaded (1.977% complete) current rate:  26.5 MB/s
09/01-11:43:22.067-0400 Status:  451 MB downloaded (4.115% complete) current rate:  39.1 MB/s
09/01-11:43:27.092-0400 Status:  803 MB downloaded (7.326% complete) current rate:  57.5 MB/s
09/01-11:43:32.114-0400 Status: 1.46 GB downloaded (13.306% complete) current rate:  106 MB/s
09/01-11:43:37.134-0400 Status: 2.29 GB downloaded (20.927% complete) current rate:  152 MB/s
09/01-11:43:42.156-0400 Status: 3.08 GB downloaded (28.112% complete) current rate:  153 MB/s
09/01-11:43:47.176-0400 Status: 3.85 GB downloaded (35.108% complete) current rate:  157 MB/s
09/01-11:43:52.197-0400 Status: 4.61 GB downloaded (42.066% complete) current rate:  155 MB/s
09/01-11:43:57.220-0400 Status: 5.37 GB downloaded (48.940% complete) current rate:  154 MB/s
09/01-11:44:02.242-0400 Status: 6.03 GB downloaded (55.034% complete) current rate:  145 MB/s
09/01-11:44:07.261-0400 Status: 6.86 GB downloaded (62.574% complete) current rate:  153 MB/s
09/01-11:44:12.278-0400 Status: 7.53 GB downloaded (68.642% complete) current rate:  138 MB/s
09/01-11:44:17.295-0400 Status: 8.23 GB downloaded (75.061% complete) current rate:  141 MB/s
09/01-11:44:22.310-0400 Status: 9.05 GB downloaded (82.551% complete) current rate:  152 MB/s
09/01-11:44:27.328-0400 Status: 9.65 GB downloaded (87.997% complete) current rate:  140 MB/s
09/01-11:44:32.292-0400 Status: 10.5 GB downloaded (95.885% complete) current rate:  163 MB/s
09/01-11:44:36.978-0400 Status: 10.9 GB downloaded (99.896% complete) current rate:  129 MB/s
09/01-11:44:41.653-0400 Status: 10.9 GB downloaded (100.000% complete) current rate:  20.0 MB/s
09/01-11:44:41.904-0400 Downloaded 10.9 GB in 00:01:38.  Overall Rate 111 MB/s
===============================================================================
Elapsed time = 0 days 0 hours 1 minutes 39.1 seconds


GeneTorrent download parameters
===============================
Number of child processes = 24
Maximum network bandwidth = 10000 MB/s
Data transfer timeout     = 10 min
Destination directory     = /tmp/aferreir
CGHub data source         = a09abee3-7886-403b-a33e-48e618be52bd

gtdownload command = /usr/bin/gtdownload -t -v --max-children 24 --rate-limit 10000 -k 10 -c https://cghub.ucsc.edu/software/downloads/cghub_public.key -p /tmp/aferreir -d a09abee3-7886-403b-a33e-48e618be52bd

09/01-11:44:42.543-0400 Welcome to gtdownload-3.8.3.
09/01-11:44:42.543-0400 Ready to download
09/01-11:44:42.543-0400 Communicating with GT Executive ...        
09/01-11:44:50.782-0400 Status: 0 bytes downloaded (0.000% complete) current rate:        /s
09/01-11:44:55.800-0400 Status: 0 bytes downloaded (0.000% complete) current rate:        /s
09/01-11:45:00.824-0400 Status: 37.1 kB downloaded (0.000% complete) current rate:  487 kB/s
09/01-11:45:05.847-0400 Status:  113 kB downloaded (0.001% complete) current rate:  24.7 MB/s
09/01-11:45:10.870-0400 Status:  344 kB downloaded (0.003% complete) current rate:  60.7 MB/s
09/01-11:45:15.886-0400 Status:  305 kB downloaded (0.002% complete) current rate:  115 MB/s
09/01-11:45:20.903-0400 Status:  242 kB downloaded (0.002% complete) current rate:  117 MB/s
09/01-11:45:25.920-0400 Status:  202 kB downloaded (0.002% complete) current rate:  121 MB/s
09/01-11:45:30.936-0400 Status:  401 kB downloaded (0.003% complete) current rate:  123 MB/s
09/01-11:45:35.956-0400 Status:  292 MB downloaded (2.273% complete) current rate:  106 MB/s
09/01-11:45:40.971-0400 Status: 4.19 GB downloaded (32.623% complete) current rate:  122 MB/s
09/01-11:45:45.987-0400 Status: 4.84 GB downloaded (37.667% complete) current rate:  127 MB/s
09/01-11:45:51.004-0400 Status: 5.39 GB downloaded (41.961% complete) current rate:  122 MB/s
09/01-11:45:56.020-0400 Status: 6.06 GB downloaded (47.199% complete) current rate:  125 MB/s
09/01-11:46:01.037-0400 Status: 6.70 GB downloaded (52.184% complete) current rate:  125 MB/s
09/01-11:46:06.053-0400 Status: 7.41 GB downloaded (57.715% complete) current rate:  138 MB/s
09/01-11:46:11.071-0400 Status: 7.94 GB downloaded (61.778% complete) current rate:  120 MB/s
09/01-11:46:16.089-0400 Status: 8.72 GB downloaded (67.883% complete) current rate:  142 MB/s
09/01-11:46:21.106-0400 Status: 9.45 GB downloaded (73.553% complete) current rate:  142 MB/s
09/01-11:46:26.124-0400 Status: 10.2 GB downloaded (79.441% complete) current rate:  145 MB/s
09/01-11:46:31.140-0400 Status: 10.8 GB downloaded (84.263% complete) current rate:  136 MB/s
09/01-11:46:36.155-0400 Status: 11.6 GB downloaded (90.538% complete) current rate:  156 MB/s
09/01-11:46:41.174-0400 Status: 12.1 GB downloaded (94.639% complete) current rate:  119 MB/s
09/01-11:46:46.248-0400 Status: 12.7 GB downloaded (99.017% complete) current rate:  100 MB/s
09/01-11:46:48.926-0400 Status: 12.8 GB downloaded (100.000% complete) current rate:  65.2 MB/s
09/01-11:46:52.423-0400 Downloaded 12.8 GB in 00:02:10.  Overall Rate 98.8 MB/s
===============================================================================
Elapsed time = 0 days 0 hours 2 minutes 10.5 seconds


GeneTorrent download parameters
===============================
Number of child processes = 24
Maximum network bandwidth = 10000 MB/s
Data transfer timeout     = 10 min
Destination directory     = /tmp/aferreir
CGHub data source         = dd049467-f24c-4579-b10d-859f81aac77b

gtdownload command = /usr/bin/gtdownload -t -v --max-children 24 --rate-limit 10000 -k 10 -c https://cghub.ucsc.edu/software/downloads/cghub_public.key -p /tmp/aferreir -d dd049467-f24c-4579-b10d-859f81aac77b

09/01-11:46:53.077-0400 Welcome to gtdownload-3.8.3.
09/01-11:46:53.077-0400 Ready to download
09/01-11:46:53.077-0400 Communicating with GT Executive ...        
09/01-11:47:01.175-0400 Status: 0 bytes downloaded (0.000% complete) current rate:        /s
09/01-11:47:06.191-0400 Status: 0 bytes downloaded (0.000% complete) current rate:        /s
09/01-11:47:11.213-0400 Status: 2.74 MB downloaded (0.026% complete) current rate:  313 kB/s
09/01-11:47:16.227-0400 Status:  119 MB downloaded (1.128% complete) current rate:  18.8 MB/s
09/01-11:47:21.241-0400 Status:  373 MB downloaded (3.525% complete) current rate:  38.3 MB/s
09/01-11:47:26.258-0400 Status:  758 MB downloaded (7.159% complete) current rate:  69.0 MB/s
09/01-11:47:31.276-0400 Status: 1.20 GB downloaded (11.382% complete) current rate:  85.2 MB/s
09/01-11:47:36.295-0400 Status: 1.66 GB downloaded (15.749% complete) current rate:  89.6 MB/s
09/01-11:47:41.311-0400 Status: 2.20 GB downloaded (20.847% complete) current rate:  103 MB/s
09/01-11:47:46.326-0400 Status: 2.80 GB downloaded (26.507% complete) current rate:  115 MB/s
09/01-11:47:51.341-0400 Status: 3.32 GB downloaded (31.433% complete) current rate:  108 MB/s
09/01-11:47:56.358-0400 Status: 3.81 GB downloaded (36.042% complete) current rate:  110 MB/s
09/01-11:48:01.377-0400 Status: 4.49 GB downloaded (42.399% complete) current rate:  117 MB/s
09/01-11:48:06.399-0400 Status: 5.10 GB downloaded (48.179% complete) current rate:  117 MB/s
09/01-11:48:11.419-0400 Status: 5.65 GB downloaded (53.438% complete) current rate:  115 MB/s
09/01-11:48:16.436-0400 Status: 6.30 GB downloaded (59.543% complete) current rate:  123 MB/s
09/01-11:48:21.452-0400 Status: 6.95 GB downloaded (65.695% complete) current rate:  130 MB/s
09/01-11:48:26.469-0400 Status: 7.58 GB downloaded (71.628% complete) current rate:  126 MB/s
09/01-11:48:31.485-0400 Status: 8.18 GB downloaded (77.245% complete) current rate:  124 MB/s
09/01-11:48:36.502-0400 Status: 8.88 GB downloaded (83.927% complete) current rate:  127 MB/s
09/01-11:48:41.519-0400 Status: 9.48 GB downloaded (89.582% complete) current rate:  122 MB/s
09/01-11:48:46.536-0400 Status: 10.0 GB downloaded (95.037% complete) current rate:  132 MB/s
09/01-11:48:51.387-0400 Status: 10.4 GB downloaded (98.381% complete) current rate:  93.3 MB/s
09/01-11:48:56.100-0400 Status: 10.5 GB downloaded (99.867% complete) current rate:  33.1 MB/s
09/01-11:48:57.061-0400 Status: 10.5 GB downloaded (100.000% complete) current rate:  17.0 MB/s
09/01-11:49:00.055-0400 Downloaded 10.5 GB in 00:02:07.  Overall Rate 83.3 MB/s
===============================================================================
Elapsed time = 0 days 0 hours 2 minutes 7.6 seconds


GeneTorrent download parameters
===============================
Number of child processes = 24
Maximum network bandwidth = 10000 MB/s
Data transfer timeout     = 10 min
Destination directory     = /tmp/aferreir
CGHub data source         = 421ed4f5-071e-465f-a031-fe285846d2aa

gtdownload command = /usr/bin/gtdownload -t -v --max-children 24 --rate-limit 10000 -k 10 -c https://cghub.ucsc.edu/software/downloads/cghub_public.key -p /tmp/aferreir -d 421ed4f5-071e-465f-a031-fe285846d2aa

09/01-11:49:03.635-0400 Welcome to gtdownload-3.8.3.
09/01-11:49:03.635-0400 Ready to download
09/01-11:49:03.635-0400 Communicating with GT Executive ...        
09/01-11:49:11.836-0400 Status: 0 bytes downloaded (0.000% complete) current rate:        /s
09/01-11:49:16.856-0400 Status: 0 bytes downloaded (0.000% complete) current rate:        /s
09/01-11:49:21.877-0400 Status: 2.68 MB downloaded (0.013% complete) current rate:  501 kB/s
09/01-11:49:26.896-0400 Status:  168 MB downloaded (0.791% complete) current rate:  23.9 MB/s
09/01-11:49:31.915-0400 Status:  525 MB downloaded (2.462% complete) current rate:  56.7 MB/s
09/01-11:49:36.933-0400 Status:  952 MB downloaded (4.466% complete) current rate:  78.8 MB/s
09/01-11:49:41.956-0400 Status: 1.34 GB downloaded (6.297% complete) current rate:  84.4 MB/s
09/01-11:49:46.980-0400 Status: 2.03 GB downloaded (9.524% complete) current rate:  123 MB/s
09/01-11:49:52.001-0400 Status: 2.84 GB downloaded (13.355% complete) current rate:  149 MB/s
09/01-11:49:57.021-0400 Status: 3.54 GB downloaded (16.607% complete) current rate:  140 MB/s
09/01-11:50:02.038-0400 Status: 4.19 GB downloaded (19.678% complete) current rate:  134 MB/s
09/01-11:50:07.055-0400 Status: 4.93 GB downloaded (23.158% complete) current rate:  146 MB/s
09/01-11:50:12.072-0400 Status: 5.63 GB downloaded (26.430% complete) current rate:  141 MB/s
09/01-11:50:17.089-0400 Status: 6.38 GB downloaded (29.950% complete) current rate:  150 MB/s
09/01-11:50:22.109-0400 Status: 7.01 GB downloaded (32.881% complete) current rate:  132 MB/s
09/01-11:50:27.127-0400 Status: 7.75 GB downloaded (36.342% complete) current rate:  143 MB/s
09/01-11:50:32.145-0400 Status: 8.60 GB downloaded (40.361% complete) current rate:  154 MB/s
09/01-11:50:37.162-0400 Status: 9.26 GB downloaded (43.431% complete) current rate:  144 MB/s
09/01-11:50:42.179-0400 Status: 9.85 GB downloaded (46.221% complete) current rate:  134 MB/s
09/01-11:50:47.196-0400 Status: 10.4 GB downloaded (48.882% complete) current rate:  116 MB/s
09/01-11:50:52.214-0400 Status: 11.1 GB downloaded (52.464% complete) current rate:  142 MB/s
09/01-11:50:57.230-0400 Status: 11.9 GB downloaded (56.197% complete) current rate:  150 MB/s
09/01-11:51:02.247-0400 Status: 12.7 GB downloaded (60.008% complete) current rate:  152 MB/s
09/01-11:51:07.265-0400 Status: 13.4 GB downloaded (63.024% complete) current rate:  140 MB/s
09/01-11:51:12.282-0400 Status: 14.2 GB downloaded (66.927% complete) current rate:  157 MB/s
09/01-11:51:17.299-0400 Status: 14.9 GB downloaded (70.121% complete) current rate:  136 MB/s
09/01-11:51:22.317-0400 Status: 15.5 GB downloaded (72.872% complete) current rate:  124 MB/s
09/01-11:51:27.334-0400 Status: 16.4 GB downloaded (77.090% complete) current rate:  157 MB/s
09/01-11:51:32.353-0400 Status: 16.9 GB downloaded (79.692% complete) current rate:  137 MB/s
09/01-11:51:37.372-0400 Status: 17.8 GB downloaded (83.881% complete) current rate:  158 MB/s
09/01-11:51:42.389-0400 Status: 18.6 GB downloaded (87.496% complete) current rate:  159 MB/s
09/01-11:51:47.409-0400 Status: 19.4 GB downloaded (91.178% complete) current rate:  172 MB/s
09/01-11:51:52.426-0400 Status: 20.2 GB downloaded (94.841% complete) current rate:  150 MB/s
09/01-11:51:57.444-0400 Status: 20.8 GB downloaded (97.844% complete) current rate:  155 MB/s
09/01-11:52:02.462-0400 Status: 21.2 GB downloaded (99.445% complete) current rate:  98.5 MB/s
09/01-11:52:07.080-0400 Status: 21.3 GB downloaded (100.000% complete) current rate:  22.7 MB/s
09/01-11:52:12.335-0400 Downloaded 21.3 GB in 00:03:09.  Overall Rate 112 MB/s
===============================================================================
Elapsed time = 0 days 0 hours 3 minutes 9.7 seconds


GeneTorrent download parameters
===============================
Number of child processes = 24
Maximum network bandwidth = 10000 MB/s
Data transfer timeout     = 10 min
Destination directory     = /tmp/aferreir
CGHub data source         = e3aa3fb2-6eee-4123-8eab-1dc00d643acf

gtdownload command = /usr/bin/gtdownload -t -v --max-children 24 --rate-limit 10000 -k 10 -c https://cghub.ucsc.edu/software/downloads/cghub_public.key -p /tmp/aferreir -d e3aa3fb2-6eee-4123-8eab-1dc00d643acf

09/01-11:52:12.985-0400 Welcome to gtdownload-3.8.3.
09/01-11:52:12.985-0400 Ready to download
09/01-11:52:12.985-0400 Communicating with GT Executive ...        
09/01-11:52:21.188-0400 Status: 0 bytes downloaded (0.000% complete) current rate:        /s
09/01-11:52:26.202-0400 Status: 0 bytes downloaded (0.000% complete) current rate:        /s
09/01-11:52:31.217-0400 Status: 3.90 MB downloaded (0.022% complete) current rate:  805 kB/s
09/01-11:52:36.237-0400 Status:  208 MB downloaded (1.154% complete) current rate:  31.0 MB/s
09/01-11:52:41.254-0400 Status:  517 MB downloaded (2.870% complete) current rate:  49.3 MB/s
09/01-11:52:46.273-0400 Status:  946 MB downloaded (5.251% complete) current rate:  81.4 MB/s
09/01-11:52:51.289-0400 Status: 1.49 GB downloaded (8.315% complete) current rate:  103 MB/s
09/01-11:52:56.307-0400 Status: 2.17 GB downloaded (12.076% complete) current rate:  120 MB/s
09/01-11:53:01.324-0400 Status: 2.83 GB downloaded (15.711% complete) current rate:  132 MB/s
09/01-11:53:06.342-0400 Status: 3.52 GB downloaded (19.578% complete) current rate:  134 MB/s
09/01-11:53:11.360-0400 Status: 4.26 GB downloaded (23.635% complete) current rate:  142 MB/s
09/01-11:53:16.380-0400 Status: 4.92 GB downloaded (27.319% complete) current rate:  130 MB/s
09/01-11:53:21.401-0400 Status: 5.54 GB downloaded (30.770% complete) current rate:  127 MB/s
09/01-11:53:26.419-0400 Status: 6.24 GB downloaded (34.636% complete) current rate:  132 MB/s
09/01-11:53:31.436-0400 Status: 6.87 GB downloaded (38.155% complete) current rate:  134 MB/s
09/01-11:53:36.454-0400 Status: 7.60 GB downloaded (42.219% complete) current rate:  143 MB/s
09/01-11:53:41.472-0400 Status: 8.27 GB downloaded (45.892% complete) current rate:  136 MB/s
09/01-11:53:46.489-0400 Status: 9.05 GB downloaded (50.219% complete) current rate:  144 MB/s
09/01-11:53:51.508-0400 Status: 9.73 GB downloaded (54.022% complete) current rate:  142 MB/s
09/01-11:53:56.524-0400 Status: 10.3 GB downloaded (57.698% complete) current rate:  136 MB/s
09/01-11:54:01.543-0400 Status: 11.1 GB downloaded (61.810% complete) current rate:  140 MB/s
09/01-11:54:06.564-0400 Status: 11.9 GB downloaded (66.270% complete) current rate:  157 MB/s
09/01-11:54:11.582-0400 Status: 12.7 GB downloaded (70.571% complete) current rate:  155 MB/s
09/01-11:54:16.599-0400 Status: 13.4 GB downloaded (74.639% complete) current rate:  152 MB/s
09/01-11:54:21.616-0400 Status: 14.1 GB downloaded (78.486% complete) current rate:  144 MB/s
09/01-11:54:26.633-0400 Status: 14.8 GB downloaded (82.293% complete) current rate:  140 MB/s
09/01-11:54:31.650-0400 Status: 15.4 GB downloaded (85.692% complete) current rate:  124 MB/s
09/01-11:54:36.669-0400 Status: 16.2 GB downloaded (90.243% complete) current rate:  143 MB/s
09/01-11:54:41.702-0400 Status: 17.0 GB downloaded (94.463% complete) current rate:  157 MB/s
09/01-11:54:46.624-0400 Status: 17.6 GB downloaded (97.675% complete) current rate:  141 MB/s
09/01-11:54:50.970-0400 Status: 17.9 GB downloaded (99.423% complete) current rate:  98.3 MB/s
09/01-11:54:55.518-0400 Status: 18.0 GB downloaded (100.000% complete) current rate:  20.4 MB/s
09/01-11:54:59.772-0400 Downloaded 18.0 GB in 00:02:47.  Overall Rate 107 MB/s
===============================================================================
Elapsed time = 0 days 0 hours 2 minutes 47.4 seconds


GeneTorrent download parameters
===============================
Number of child processes = 24
Maximum network bandwidth = 10000 MB/s
Data transfer timeout     = 10 min
Destination directory     = /tmp/aferreir
CGHub data source         = 5d88fdd7-0a0e-4fe9-be59-b425184096d2

gtdownload command = /usr/bin/gtdownload -t -v --max-children 24 --rate-limit 10000 -k 10 -c https://cghub.ucsc.edu/software/downloads/cghub_public.key -p /tmp/aferreir -d 5d88fdd7-0a0e-4fe9-be59-b425184096d2

09/01-11:55:00.414-0400 Welcome to gtdownload-3.8.3.
09/01-11:55:00.414-0400 Ready to download
09/01-11:55:00.414-0400 Communicating with GT Executive ...        
09/01-11:55:09.242-0400 Status: 0 bytes downloaded (0.000% complete) current rate:        /s
09/01-11:55:14.257-0400 Status: 0 bytes downloaded (0.000% complete) current rate:        /s
09/01-11:55:19.271-0400 Status: 15.4 MB downloaded (0.124% complete) current rate:  1.29 MB/s
09/01-11:55:24.287-0400 Status:  325 MB downloaded (2.609% complete) current rate:  40.4 MB/s
09/01-11:55:29.307-0400 Status:  681 MB downloaded (5.457% complete) current rate:  61.7 MB/s
09/01-11:55:34.325-0400 Status: 1.14 GB downloaded (9.146% complete) current rate:  87.5 MB/s
09/01-11:55:39.340-0400 Status: 1.64 GB downloaded (13.211% complete) current rate:  97.0 MB/s
09/01-11:55:44.357-0400 Status: 2.19 GB downloaded (17.608% complete) current rate:  107 MB/s
09/01-11:55:49.374-0400 Status: 2.75 GB downloaded (22.030% complete) current rate:  109 MB/s
09/01-11:55:54.393-0400 Status: 3.25 GB downloaded (26.110% complete) current rate:  107 MB/s
09/01-11:55:59.409-0400 Status: 3.77 GB downloaded (30.239% complete) current rate:  97.6 MB/s
09/01-11:56:04.424-0400 Status: 4.21 GB downloaded (33.805% complete) current rate:  92.2 MB/s
09/01-11:56:09.439-0400 Status: 4.63 GB downloaded (37.164% complete) current rate:  91.2 MB/s
09/01-11:56:14.455-0400 Status: 5.02 GB downloaded (40.262% complete) current rate:  83.9 MB/s
09/01-11:56:19.471-0400 Status: 5.50 GB downloaded (44.115% complete) current rate:  86.0 MB/s
09/01-11:56:24.486-0400 Status: 5.96 GB downloaded (47.803% complete) current rate:  84.3 MB/s
09/01-11:56:29.501-0400 Status: 6.29 GB downloaded (50.424% complete) current rate:  83.0 MB/s
09/01-11:56:34.519-0400 Status: 6.79 GB downloaded (54.397% complete) current rate:  86.5 MB/s
09/01-11:56:39.539-0400 Status: 7.27 GB downloaded (58.258% complete) current rate:  95.2 MB/s
09/01-11:56:44.557-0400 Status: 7.73 GB downloaded (62.004% complete) current rate:  91.1 MB/s
09/01-11:56:49.577-0400 Status: 8.16 GB downloaded (65.389% complete) current rate:  85.9 MB/s
09/01-11:56:54.596-0400 Status: 8.58 GB downloaded (68.805% complete) current rate:  88.4 MB/s
09/01-11:56:59.616-0400 Status: 9.02 GB downloaded (72.318% complete) current rate:  92.1 MB/s
09/01-11:57:04.637-0400 Status: 9.45 GB downloaded (75.740% complete) current rate:  86.1 MB/s
09/01-11:57:09.657-0400 Status: 9.95 GB downloaded (79.792% complete) current rate:  95.6 MB/s
09/01-11:57:14.737-0400 Status: 10.4 GB downloaded (84.108% complete) current rate:  103 MB/s
09/01-11:57:19.697-0400 Status: 11.0 GB downloaded (88.527% complete) current rate:  104 MB/s
09/01-11:57:24.721-0400 Status: 11.6 GB downloaded (93.062% complete) current rate:  119 MB/s
09/01-11:57:29.394-0400 Status: 12.1 GB downloaded (97.118% complete) current rate:  119 MB/s
09/01-11:57:34.546-0400 Status: 12.3 GB downloaded (99.015% complete) current rate:  50.5 MB/s
09/01-11:57:38.017-0400 Status: 12.4 GB downloaded (99.978% complete) current rate:  22.0 MB/s
09/01-11:57:38.019-0400 Status: 12.4 GB downloaded (100.000% complete) current rate:  22.0 MB/s
09/01-11:57:43.274-0400 Downloaded 12.4 GB in 00:02:43.  Overall Rate 76.5 MB/s
===============================================================================
Elapsed time = 0 days 0 hours 2 minutes 43.5 seconds


GeneTorrent download parameters
===============================
Number of child processes = 24
Maximum network bandwidth = 10000 MB/s
Data transfer timeout     = 10 min
Destination directory     = /tmp/aferreir
CGHub data source         = ff398270-eea7-4598-a61a-42d9bc774ecc

gtdownload command = /usr/bin/gtdownload -t -v --max-children 24 --rate-limit 10000 -k 10 -c https://cghub.ucsc.edu/software/downloads/cghub_public.key -p /tmp/aferreir -d ff398270-eea7-4598-a61a-42d9bc774ecc

09/01-11:57:43.972-0400 Welcome to gtdownload-3.8.3.
09/01-11:57:43.972-0400 Ready to download
09/01-11:57:43.972-0400 Communicating with GT Executive ...        
09/01-11:57:52.129-0400 Status: 0 bytes downloaded (0.000% complete) current rate:        /s
09/01-11:57:57.145-0400 Status: 0 bytes downloaded (0.000% complete) current rate:        /s
09/01-11:58:02.162-0400 Status: 85.7 kB downloaded (0.001% complete) current rate:  608 kB/s
09/01-11:58:07.181-0400 Status:  159 kB downloaded (0.001% complete) current rate:  16.3 MB/s
09/01-11:58:12.197-0400 Status:  334 kB downloaded (0.002% complete) current rate:  56.7 MB/s
09/01-11:58:17.217-0400 Status:  304 kB downloaded (0.002% complete) current rate:  98.6 MB/s
09/01-11:58:22.235-0400 Status:  310 kB downloaded (0.002% complete) current rate:  119 MB/s
09/01-11:58:27.257-0400 Status: 2.21 GB downloaded (16.076% complete) current rate:  133 MB/s
09/01-11:58:32.278-0400 Status: 3.20 GB downloaded (23.281% complete) current rate:  154 MB/s
09/01-11:58:37.299-0400 Status: 4.00 GB downloaded (29.044% complete) current rate:  156 MB/s
09/01-11:58:42.319-0400 Status: 4.80 GB downloaded (34.900% complete) current rate:  158 MB/s
09/01-11:58:47.341-0400 Status: 5.66 GB downloaded (41.131% complete) current rate:  165 MB/s
09/01-11:58:52.363-0400 Status: 6.46 GB downloaded (46.930% complete) current rate:  165 MB/s
09/01-11:58:57.383-0400 Status: 7.24 GB downloaded (52.598% complete) current rate:  157 MB/s
09/01-11:59:02.406-0400 Status: 8.14 GB downloaded (59.129% complete) current rate:  168 MB/s
09/01-11:59:07.423-0400 Status: 8.87 GB downloaded (64.438% complete) current rate:  157 MB/s
09/01-11:59:12.441-0400 Status: 9.71 GB downloaded (70.564% complete) current rate:  162 MB/s
09/01-11:59:17.461-0400 Status: 10.5 GB downloaded (76.307% complete) current rate:  170 MB/s
09/01-11:59:22.484-0400 Status: 11.3 GB downloaded (82.430% complete) current rate:  166 MB/s
09/01-11:59:27.508-0400 Status: 12.0 GB downloaded (87.711% complete) current rate:  156 MB/s
09/01-11:59:32.534-0400 Status: 12.9 GB downloaded (94.157% complete) current rate:  171 MB/s
09/01-11:59:37.563-0400 Status: 13.6 GB downloaded (99.236% complete) current rate:  174 MB/s
09/01-11:59:42.477-0400 Status: 13.7 GB downloaded (100.000% complete) current rate:  41.9 MB/s
09/01-11:59:45.232-0400 Downloaded 13.7 GB in 00:02:02.  Overall Rate 112 MB/s
===============================================================================
Elapsed time = 0 days 0 hours 2 minutes 2.8 seconds


GeneTorrent download parameters
===============================
Number of child processes = 24
Maximum network bandwidth = 10000 MB/s
Data transfer timeout     = 10 min
Destination directory     = /tmp/aferreir
CGHub data source         = 03efa391-7a94-4201-8211-1997f18b8cb9

gtdownload command = /usr/bin/gtdownload -t -v --max-children 24 --rate-limit 10000 -k 10 -c https://cghub.ucsc.edu/software/downloads/cghub_public.key -p /tmp/aferreir -d 03efa391-7a94-4201-8211-1997f18b8cb9

09/01-11:59:46.652-0400 Welcome to gtdownload-3.8.3.
09/01-11:59:46.652-0400 Ready to download
09/01-11:59:46.652-0400 Communicating with GT Executive ...        
09/01-11:59:54.888-0400 Status: 0 bytes downloaded (0.000% complete) current rate:        /s
09/01-11:59:59.908-0400 Status: 0 bytes downloaded (0.000% complete) current rate:        /s
09/01-12:00:04.926-0400 Status: 50.5 kB downloaded (0.000% complete) current rate:  83.1 kB/s
09/01-12:00:09.944-0400 Status:  104 MB downloaded (0.433% complete) current rate:  14.0 MB/s
09/01-12:00:14.964-0400 Status:  487 MB downloaded (2.010% complete) current rate:  57.6 MB/s
09/01-12:00:19.989-0400 Status:  940 MB downloaded (3.877% complete) current rate:  82.8 MB/s
09/01-12:00:25.013-0400 Status: 1.49 GB downloaded (6.171% complete) current rate:  105 MB/s
09/01-12:00:30.035-0400 Status: 2.17 GB downloaded (8.950% complete) current rate:  131 MB/s
09/01-12:00:35.058-0400 Status: 2.94 GB downloaded (12.147% complete) current rate:  150 MB/s
09/01-12:00:40.077-0400 Status: 3.73 GB downloaded (15.378% complete) current rate:  156 MB/s
09/01-12:00:45.097-0400 Status: 4.52 GB downloaded (18.647% complete) current rate:  157 MB/s
09/01-12:00:50.115-0400 Status: 5.40 GB downloaded (22.266% complete) current rate:  163 MB/s
09/01-12:00:55.132-0400 Status: 6.27 GB downloaded (25.841% complete) current rate:  168 MB/s
09/01-12:01:00.149-0400 Status: 7.18 GB downloaded (29.604% complete) current rate:  178 MB/s
09/01-12:01:05.169-0400 Status: 8.02 GB downloaded (33.050% complete) current rate:  170 MB/s
09/01-12:01:10.187-0400 Status: 8.78 GB downloaded (36.203% complete) current rate:  156 MB/s
09/01-12:01:15.205-0400 Status: 9.60 GB downloaded (39.589% complete) current rate:  157 MB/s
09/01-12:01:20.223-0400 Status: 10.4 GB downloaded (43.148% complete) current rate:  169 MB/s
09/01-12:01:25.242-0400 Status: 11.3 GB downloaded (46.586% complete) current rate:  160 MB/s
09/01-12:01:30.262-0400 Status: 12.1 GB downloaded (49.947% complete) current rate:  168 MB/s
09/01-12:01:35.280-0400 Status: 12.9 GB downloaded (53.241% complete) current rate:  163 MB/s
09/01-12:01:40.299-0400 Status: 13.8 GB downloaded (57.128% complete) current rate:  175 MB/s
09/01-12:01:45.317-0400 Status: 14.6 GB downloaded (60.512% complete) current rate:  174 MB/s
09/01-12:01:50.335-0400 Status: 15.4 GB downloaded (63.584% complete) current rate:  157 MB/s
09/01-12:01:55.354-0400 Status: 16.1 GB downloaded (66.666% complete) current rate:  150 MB/s
09/01-12:02:00.376-0400 Status: 17.0 GB downloaded (70.185% complete) current rate:  163 MB/s
09/01-12:02:05.394-0400 Status: 17.8 GB downloaded (73.692% complete) current rate:  161 MB/s
09/01-12:02:10.411-0400 Status: 18.7 GB downloaded (77.224% complete) current rate:  180 MB/s
09/01-12:02:15.429-0400 Status: 19.3 GB downloaded (79.797% complete) current rate:  143 MB/s
09/01-12:02:20.446-0400 Status: 20.2 GB downloaded (83.246% complete) current rate:  156 MB/s
09/01-12:02:25.464-0400 Status: 20.9 GB downloaded (86.507% complete) current rate:  171 MB/s
09/01-12:02:30.483-0400 Status: 21.8 GB downloaded (89.996% complete) current rate:  161 MB/s
09/01-12:02:35.503-0400 Status: 22.6 GB downloaded (93.400% complete) current rate:  171 MB/s
09/01-12:02:40.522-0400 Status: 23.4 GB downloaded (96.652% complete) current rate:  169 MB/s
09/01-12:02:45.040-0400 Status: 24.0 GB downloaded (99.242% complete) current rate:  156 MB/s
09/01-12:02:50.294-0400 Status: 24.2 GB downloaded (100.000% complete) current rate:  48.0 MB/s
09/01-12:02:52.394-0400 Downloaded 24.2 GB in 00:03:06.  Overall Rate 130 MB/s
===============================================================================
Elapsed time = 0 days 0 hours 3 minutes 6.3 seconds


GeneTorrent download parameters
===============================
Number of child processes = 24
Maximum network bandwidth = 10000 MB/s
Data transfer timeout     = 10 min
Destination directory     = /tmp/aferreir
CGHub data source         = f63a0ffa-ec3e-4325-8f7d-668bbe03afec

gtdownload command = /usr/bin/gtdownload -t -v --max-children 24 --rate-limit 10000 -k 10 -c https://cghub.ucsc.edu/software/downloads/cghub_public.key -p /tmp/aferreir -d f63a0ffa-ec3e-4325-8f7d-668bbe03afec

09/01-12:02:53.031-0400 Welcome to gtdownload-3.8.3.
09/01-12:02:53.031-0400 Ready to download
09/01-12:02:53.031-0400 Communicating with GT Executive ...        
09/01-12:03:01.859-0400 Status: 77.3 MB downloaded (0.636% complete) current rate:  9.10 MB/s
09/01-12:03:06.875-0400 Status:  441 MB downloaded (3.634% complete) current rate:  53.5 MB/s
09/01-12:03:11.895-0400 Status:  814 MB downloaded (6.704% complete) current rate:  69.9 MB/s
09/01-12:03:16.910-0400 Status: 1.31 GB downloaded (10.790% complete) current rate:  92.6 MB/s
09/01-12:03:21.924-0400 Status: 1.85 GB downloaded (15.227% complete) current rate:  105 MB/s
09/01-12:03:26.939-0400 Status: 2.36 GB downloaded (19.492% complete) current rate:  101 MB/s
09/01-12:03:31.954-0400 Status: 2.96 GB downloaded (24.424% complete) current rate:  120 MB/s
09/01-12:03:36.973-0400 Status: 3.61 GB downloaded (29.708% complete) current rate:  127 MB/s
09/01-12:03:41.992-0400 Status: 4.30 GB downloaded (35.416% complete) current rate:  127 MB/s
09/01-12:03:47.009-0400 Status: 5.01 GB downloaded (41.263% complete) current rate:  138 MB/s
09/01-12:03:52.025-0400 Status: 5.62 GB downloaded (46.285% complete) current rate:  128 MB/s
09/01-12:03:57.044-0400 Status: 6.22 GB downloaded (51.186% complete) current rate:  124 MB/s
09/01-12:04:02.060-0400 Status: 6.97 GB downloaded (57.362% complete) current rate:  135 MB/s
09/01-12:04:07.077-0400 Status: 7.56 GB downloaded (62.274% complete) current rate:  128 MB/s
09/01-12:04:12.094-0400 Status: 8.36 GB downloaded (68.797% complete) current rate:  140 MB/s
09/01-12:04:17.112-0400 Status: 9.08 GB downloaded (74.778% complete) current rate:  148 MB/s
09/01-12:04:22.131-0400 Status: 9.81 GB downloaded (80.786% complete) current rate:  142 MB/s
09/01-12:04:27.155-0400 Status: 10.7 GB downloaded (88.721% complete) current rate:  191 MB/s
09/01-12:04:32.591-0400 Status: 11.6 GB downloaded (96.186% complete) current rate:  167 MB/s
09/01-12:04:37.232-0400 Status: 12.1 GB downloaded (99.942% complete) current rate:  114 MB/s
09/01-12:04:42.258-0400 Status: 12.1 GB downloaded (99.942% complete) current rate:  7.04 MB/s
09/01-12:04:47.289-0400 Status: 12.1 GB downloaded (99.942% complete) current rate:  2.30 MB/s
09/01-12:04:52.315-0400 Status: 12.1 GB downloaded (99.942% complete) current rate:  756 kB/s
09/01-12:04:57.336-0400 Status: 12.1 GB downloaded (99.942% complete) current rate:  247 kB/s
09/01-12:05:02.355-0400 Status: 12.1 GB downloaded (99.942% complete) current rate:  81.2 kB/s
09/01-12:05:07.376-0400 Status: 12.1 GB downloaded (99.942% complete) current rate:  26.6 kB/s
09/01-12:05:12.399-0400 Status: 12.1 GB downloaded (99.942% complete) current rate:  8.72 kB/s
09/01-12:05:17.425-0400 Status: 12.1 GB downloaded (99.942% complete) current rate:  2.85 kB/s
09/01-12:05:22.453-0400 Status: 12.1 GB downloaded (99.942% complete) current rate:  0.93 kB/s
09/01-12:05:27.481-0400 Status: 12.1 GB downloaded (99.942% complete) current rate:  0.30 kB/s
09/01-12:05:32.507-0400 Status: 12.1 GB downloaded (99.942% complete) current rate:  0.09 kB/s
09/01-12:05:33.462-0400 Status: 12.1 GB downloaded (100.000% complete) current rate:  0.07 kB/s
09/01-12:05:38.719-0400 Downloaded 12.1 GB in 00:02:45.  Overall Rate 73.6 MB/s
===============================================================================
Elapsed time = 0 days 0 hours 2 minutes 48.4 seconds


GeneTorrent download parameters
===============================
Number of child processes = 24
Maximum network bandwidth = 10000 MB/s
Data transfer timeout     = 10 min
Destination directory     = /tmp/aferreir
CGHub data source         = 65166af2-8760-4449-ac82-2206a10fd59c

gtdownload command = /usr/bin/gtdownload -t -v --max-children 24 --rate-limit 10000 -k 10 -c https://cghub.ucsc.edu/software/downloads/cghub_public.key -p /tmp/aferreir -d 65166af2-8760-4449-ac82-2206a10fd59c

09/01-12:05:41.345-0400 Welcome to gtdownload-3.8.3.
09/01-12:05:41.345-0400 Ready to download
09/01-12:05:41.345-0400 Communicating with GT Executive ...        
09/01-12:05:49.542-0400 Status: 2.66 MB downloaded (0.015% complete) current rate:  734 kB/s
09/01-12:05:54.559-0400 Status:  217 MB downloaded (1.197% complete) current rate:  26.8 MB/s
09/01-12:05:59.577-0400 Status:  415 MB downloaded (2.291% complete) current rate:  38.2 MB/s
09/01-12:06:04.595-0400 Status:  782 MB downloaded (4.312% complete) current rate:  59.2 MB/s
09/01-12:06:09.613-0400 Status: 1.37 GB downloaded (7.559% complete) current rate:  99.4 MB/s
09/01-12:06:14.634-0400 Status: 1.99 GB downloaded (11.011% complete) current rate:  125 MB/s
09/01-12:06:19.655-0400 Status: 2.78 GB downloaded (15.353% complete) current rate:  149 MB/s
09/01-12:06:24.676-0400 Status: 3.60 GB downloaded (19.890% complete) current rate:  161 MB/s
09/01-12:06:29.698-0400 Status: 4.53 GB downloaded (24.972% complete) current rate:  175 MB/s
09/01-12:06:34.719-0400 Status: 5.38 GB downloaded (29.681% complete) current rate:  170 MB/s
09/01-12:06:39.742-0400 Status: 6.26 GB downloaded (34.522% complete) current rate:  166 MB/s
09/01-12:06:44.763-0400 Status: 7.09 GB downloaded (39.129% complete) current rate:  164 MB/s
09/01-12:06:49.787-0400 Status: 7.92 GB downloaded (43.710% complete) current rate:  166 MB/s
09/01-12:06:54.810-0400 Status: 8.73 GB downloaded (48.181% complete) current rate:  161 MB/s
09/01-12:06:59.832-0400 Status: 9.56 GB downloaded (52.734% complete) current rate:  168 MB/s
09/01-12:07:04.852-0400 Status: 10.3 GB downloaded (56.869% complete) current rate:  154 MB/s
09/01-12:07:09.873-0400 Status: 11.1 GB downloaded (61.245% complete) current rate:  154 MB/s
09/01-12:07:14.895-0400 Status: 11.8 GB downloaded (65.083% complete) current rate:  140 MB/s
09/01-12:07:19.916-0400 Status: 12.4 GB downloaded (68.874% complete) current rate:  141 MB/s
09/01-12:07:24.939-0400 Status: 13.3 GB downloaded (73.465% complete) current rate:  153 MB/s
09/01-12:07:29.959-0400 Status: 14.0 GB downloaded (77.383% complete) current rate:  151 MB/s
09/01-12:07:34.983-0400 Status: 14.7 GB downloaded (81.242% complete) current rate:  139 MB/s
09/01-12:07:40.001-0400 Status: 15.5 GB downloaded (85.848% complete) current rate:  154 MB/s
09/01-12:07:45.017-0400 Status: 16.3 GB downloaded (90.225% complete) current rate:  157 MB/s
09/01-12:07:50.035-0400 Status: 17.1 GB downloaded (94.646% complete) current rate:  177 MB/s
09/01-12:07:54.907-0400 Status: 17.8 GB downloaded (98.158% complete) current rate:  134 MB/s
09/01-12:07:59.908-0400 Status: 18.1 GB downloaded (99.937% complete) current rate:  82.7 MB/s
09/01-12:08:03.030-0400 Status: 18.1 GB downloaded (100.000% complete) current rate:  24.2 MB/s
09/01-12:08:03.640-0400 Downloaded 18.1 GB in 00:02:22.  Overall Rate 127 MB/s
===============================================================================
Elapsed time = 0 days 0 hours 2 minutes 22.9 seconds


GeneTorrent download parameters
===============================
Number of child processes = 24
Maximum network bandwidth = 10000 MB/s
Data transfer timeout     = 10 min
Destination directory     = /tmp/aferreir
CGHub data source         = 0f22d586-97bb-4b79-bbf8-60cd87ab35ef

gtdownload command = /usr/bin/gtdownload -t -v --max-children 24 --rate-limit 10000 -k 10 -c https://cghub.ucsc.edu/software/downloads/cghub_public.key -p /tmp/aferreir -d 0f22d586-97bb-4b79-bbf8-60cd87ab35ef

09/01-12:08:04.273-0400 Welcome to gtdownload-3.8.3.
09/01-12:08:04.273-0400 Ready to download
09/01-12:08:04.273-0400 Communicating with GT Executive ...        
09/01-12:08:13.044-0400 Status: 0 bytes downloaded (0.000% complete) current rate:        /s
09/01-12:08:18.068-0400 Status: 0 bytes downloaded (0.000% complete) current rate:        /s
09/01-12:08:23.086-0400 Status: 81.0 kB downloaded (0.001% complete) current rate:  805 kB/s
09/01-12:08:28.102-0400 Status: 81.1 kB downloaded (0.001% complete) current rate:  37.9 MB/s
09/01-12:08:33.116-0400 Status:  162 kB downloaded (0.001% complete) current rate:  70.3 MB/s
09/01-12:08:38.133-0400 Status: 58.6 kB downloaded (0.001% complete) current rate:  109 MB/s
09/01-12:08:43.152-0400 Status: 1.79 GB downloaded (15.472% complete) current rate:  132 MB/s
09/01-12:08:48.166-0400 Status: 2.65 GB downloaded (22.854% complete) current rate:  132 MB/s
09/01-12:08:53.181-0400 Status: 3.26 GB downloaded (28.080% complete) current rate:  124 MB/s
09/01-12:08:58.197-0400 Status: 3.84 GB downloaded (33.104% complete) current rate:  116 MB/s
09/01-12:09:03.213-0400 Status: 4.30 GB downloaded (37.028% complete) current rate:  104 MB/s
09/01-12:09:08.229-0400 Status: 4.82 GB downloaded (41.532% complete) current rate:  100 MB/s
09/01-12:09:13.245-0400 Status: 5.27 GB downloaded (45.386% complete) current rate:  98.2 MB/s
09/01-12:09:18.263-0400 Status: 5.75 GB downloaded (49.504% complete) current rate:  90.5 MB/s
09/01-12:09:23.281-0400 Status: 6.23 GB downloaded (53.600% complete) current rate:  95.8 MB/s
09/01-12:09:28.301-0400 Status: 6.65 GB downloaded (57.284% complete) current rate:  91.1 MB/s
09/01-12:09:33.319-0400 Status: 7.16 GB downloaded (61.671% complete) current rate:  96.7 MB/s
09/01-12:09:38.335-0400 Status: 7.67 GB downloaded (65.997% complete) current rate:  97.2 MB/s
09/01-12:09:43.351-0400 Status: 8.05 GB downloaded (69.284% complete) current rate:  82.8 MB/s
09/01-12:09:48.368-0400 Status: 8.48 GB downloaded (72.975% complete) current rate:  86.0 MB/s
09/01-12:09:53.383-0400 Status: 8.93 GB downloaded (76.910% complete) current rate:  89.7 MB/s
09/01-12:09:58.400-0400 Status: 9.35 GB downloaded (80.485% complete) current rate:  91.2 MB/s
09/01-12:10:03.422-0400 Status: 9.88 GB downloaded (85.011% complete) current rate:  98.7 MB/s
09/01-12:10:08.442-0400 Status: 10.5 GB downloaded (90.701% complete) current rate:  127 MB/s
09/01-12:10:12.990-0400 Status: 11.1 GB downloaded (95.783% complete) current rate:  130 MB/s
09/01-12:10:18.501-0400 Status: 11.5 GB downloaded (99.103% complete) current rate:  76.5 MB/s
09/01-12:10:19.817-0400 Status: 11.6 GB downloaded (100.000% complete) current rate:  47.1 MB/s
09/01-12:10:23.382-0400 Downloaded 11.6 GB in 00:02:19.  Overall Rate 83.6 MB/s
===============================================================================
Elapsed time = 0 days 0 hours 2 minutes 20.9 seconds


GeneTorrent download parameters
===============================
Number of child processes = 24
Maximum network bandwidth = 10000 MB/s
Data transfer timeout     = 10 min
Destination directory     = /tmp/aferreir
CGHub data source         = 0b88578c-054e-4b0c-bb67-37fe0075ee66

gtdownload command = /usr/bin/gtdownload -t -v --max-children 24 --rate-limit 10000 -k 10 -c https://cghub.ucsc.edu/software/downloads/cghub_public.key -p /tmp/aferreir -d 0b88578c-054e-4b0c-bb67-37fe0075ee66

09/01-12:10:25.169-0400 Welcome to gtdownload-3.8.3.
09/01-12:10:25.169-0400 Ready to download
09/01-12:10:25.169-0400 Communicating with GT Executive ...        
09/01-12:10:33.352-0400 Status: 0 bytes downloaded (0.000% complete) current rate:        /s
09/01-12:10:38.371-0400 Status: 0 bytes downloaded (0.000% complete) current rate:        /s
09/01-12:10:43.395-0400 Status: 1.62 MB downloaded (0.012% complete) current rate:  351 kB/s
09/01-12:10:48.416-0400 Status:  148 MB downloaded (1.099% complete) current rate:  19.6 MB/s
09/01-12:10:53.436-0400 Status:  500 MB downloaded (3.699% complete) current rate:  52.2 MB/s
09/01-12:10:58.457-0400 Status: 1.12 GB downloaded (8.326% complete) current rate:  103 MB/s
09/01-12:11:03.480-0400 Status: 1.86 GB downloaded (13.798% complete) current rate:  138 MB/s
09/01-12:11:08.501-0400 Status: 2.64 GB downloaded (19.538% complete) current rate:  149 MB/s
09/01-12:11:13.521-0400 Status: 3.40 GB downloaded (25.156% complete) current rate:  159 MB/s
09/01-12:11:18.541-0400 Status: 4.19 GB downloaded (31.003% complete) current rate:  159 MB/s
09/01-12:11:23.562-0400 Status: 4.99 GB downloaded (36.878% complete) current rate:  158 MB/s
09/01-12:11:28.581-0400 Status: 5.92 GB downloaded (43.790% complete) current rate:  173 MB/s
09/01-12:11:33.597-0400 Status: 6.67 GB downloaded (49.267% complete) current rate:  162 MB/s
09/01-12:11:38.614-0400 Status: 7.57 GB downloaded (55.921% complete) current rate:  169 MB/s
09/01-12:11:43.631-0400 Status: 8.33 GB downloaded (61.548% complete) current rate:  155 MB/s
09/01-12:11:48.651-0400 Status: 9.17 GB downloaded (67.795% complete) current rate:  164 MB/s
09/01-12:11:53.670-0400 Status: 9.98 GB downloaded (73.780% complete) current rate:  164 MB/s
09/01-12:11:58.688-0400 Status: 10.8 GB downloaded (80.063% complete) current rate:  169 MB/s
09/01-12:12:03.704-0400 Status: 11.6 GB downloaded (85.747% complete) current rate:  167 MB/s
09/01-12:12:08.721-0400 Status: 12.4 GB downloaded (91.840% complete) current rate:  168 MB/s
09/01-12:12:13.761-0400 Status: 13.1 GB downloaded (97.470% complete) current rate:  159 MB/s
09/01-12:12:18.303-0400 Status: 13.5 GB downloaded (100.000% complete) current rate:  84.1 MB/s
09/01-12:12:21.806-0400 Downloaded 13.5 GB in 00:01:56.  Overall Rate 116 MB/s
09/01-12:12:22.467-0400 Welcome to gtdownload-3.8.3.
09/01-12:12:22.467-0400 Ready to download
09/01-12:12:22.467-0400 Communicating with GT Executive ...        
09/01-12:12:30.598-0400 Status: 0 bytes downloaded (0.000% complete) current rate:        /s
09/01-12:12:35.610-0400 Status: 0 bytes downloaded (0.000% complete) current rate:        /s
09/01-12:12:40.624-0400 Status: 0 bytes downloaded (0.000% complete) current rate:        /s
09/01-12:12:45.637-0400 Status: 0 bytes downloaded (0.000% complete) current rate:        /s
09/01-12:12:50.649-0400 Status: 0 bytes downloaded (0.000% complete) current rate:        /s
09/01-12:12:55.661-0400 Status: 0 bytes downloaded (0.000% complete) current rate:        /s
09/01-12:13:00.674-0400 Status: 0 bytes downloaded (0.000% complete) current rate:        /s
09/01-12:13:05.689-0400 Status: 0 bytes downloaded (0.000% complete) current rate:        /s
09/01-12:13:10.708-0400 Status: 0 bytes downloaded (0.000% complete) current rate:        /s
09/01-12:13:15.722-0400 Status: 0 bytes downloaded (0.000% complete) current rate:        /s
09/01-12:13:20.735-0400 Status:  239 MB downloaded (1.766% complete) current rate:        /s
09/01-12:13:25.751-0400 Status: 1.20 GB downloaded (8.860% complete) current rate:        /s
09/01-12:13:30.767-0400 Status: 2.08 GB downloaded (15.427% complete) current rate:        /s
09/01-12:13:35.782-0400 Status: 3.27 GB downloaded (24.163% complete) current rate:        /s
09/01-12:13:40.797-0400 Status: 4.63 GB downloaded (34.231% complete) current rate:        /s
09/01-12:13:45.812-0400 Status: 5.98 GB downloaded (44.237% complete) current rate:        /s
09/01-12:13:50.827-0400 Status: 6.40 GB downloaded (47.304% complete) current rate:        /s
09/01-12:13:55.872-0400 Status: 7.30 GB downloaded (53.964% complete) current rate:        /s
09/01-12:14:00.886-0400 Status: 8.33 GB downloaded (61.523% complete) current rate:        /s
09/01-12:14:05.924-0400 Status: 9.55 GB downloaded (70.569% complete) current rate:        /s
09/01-12:14:10.973-0400 Status: 10.4 GB downloaded (77.043% complete) current rate:        /s
09/01-12:14:15.996-0400 Status: 37.4 GB downloaded (276.950% complete) current rate:        /s
09/01-12:14:21.011-0400 Status:  103 GB downloaded (765.798% complete) current rate:        /s
09/01-12:14:25.952-0400 Status:  234 GB downloaded (1729.058% complete) current rate:        /s
09/01-12:14:31.578-0400 Status:  324 GB downloaded (2400.000% complete) current rate:        /s
09/01-12:14:33.962-0400 Downloaded 324 GB in 00:02:11.  Overall Rate 2.48 GB/s
===============================================================================
Elapsed time = 0 days 0 hours 4 minutes 11.0 seconds


GeneTorrent download parameters
===============================
Number of child processes = 24
Maximum network bandwidth = 10000 MB/s
Data transfer timeout     = 10 min
Destination directory     = /tmp/aferreir
CGHub data source         = 9b530d80-e6c8-4585-8dc9-99e9a2305e57

gtdownload command = /usr/bin/gtdownload -t -v --max-children 24 --rate-limit 10000 -k 10 -c https://cghub.ucsc.edu/software/downloads/cghub_public.key -p /tmp/aferreir -d 9b530d80-e6c8-4585-8dc9-99e9a2305e57

09/01-12:14:39.788-0400 Welcome to gtdownload-3.8.3.
09/01-12:14:39.788-0400 Ready to download
09/01-12:14:39.788-0400 Communicating with GT Executive ...        
09/01-12:14:47.962-0400 Status: 0 bytes downloaded (0.000% complete) current rate:        /s
09/01-12:14:52.983-0400 Status: 0 bytes downloaded (0.000% complete) current rate:        /s
09/01-12:14:58.003-0400 Status: 2.69 MB downloaded (0.016% complete) current rate:  459 kB/s
09/01-12:15:03.022-0400 Status:  230 MB downloaded (1.379% complete) current rate:  30.5 MB/s
09/01-12:15:08.044-0400 Status:  534 MB downloaded (3.197% complete) current rate:  52.2 MB/s
09/01-12:15:13.069-0400 Status: 1.01 GB downloaded (6.065% complete) current rate:  82.1 MB/s
09/01-12:15:18.089-0400 Status: 1.60 GB downloaded (9.591% complete) current rate:  108 MB/s
09/01-12:15:23.106-0400 Status: 2.44 GB downloaded (14.625% complete) current rate:  153 MB/s
09/01-12:15:28.123-0400 Status: 3.34 GB downloaded (19.984% complete) current rate:  174 MB/s
09/01-12:15:33.142-0400 Status: 4.22 GB downloaded (25.218% complete) current rate:  172 MB/s
09/01-12:15:38.160-0400 Status: 5.01 GB downloaded (29.950% complete) current rate:  166 MB/s
09/01-12:15:43.181-0400 Status: 5.96 GB downloaded (35.654% complete) current rate:  180 MB/s
09/01-12:15:48.200-0400 Status: 6.75 GB downloaded (40.347% complete) current rate:  167 MB/s
09/01-12:15:53.222-0400 Status: 7.59 GB downloaded (45.386% complete) current rate:  171 MB/s
09/01-12:15:58.242-0400 Status: 8.47 GB downloaded (50.618% complete) current rate:  170 MB/s
09/01-12:16:03.263-0400 Status: 9.24 GB downloaded (55.243% complete) current rate:  164 MB/s
09/01-12:16:08.286-0400 Status: 10.1 GB downloaded (60.605% complete) current rate:  169 MB/s
09/01-12:16:13.310-0400 Status: 10.8 GB downloaded (64.832% complete) current rate:  151 MB/s
09/01-12:16:18.333-0400 Status: 11.6 GB downloaded (69.767% complete) current rate:  154 MB/s
09/01-12:16:23.353-0400 Status: 12.5 GB downloaded (74.702% complete) current rate:  163 MB/s
09/01-12:16:28.374-0400 Status: 13.2 GB downloaded (79.252% complete) current rate:  155 MB/s
09/01-12:16:33.392-0400 Status: 14.0 GB downloaded (84.064% complete) current rate:  153 MB/s
09/01-12:16:38.409-0400 Status: 14.9 GB downloaded (89.354% complete) current rate:  179 MB/s
09/01-12:16:43.427-0400 Status: 15.7 GB downloaded (94.061% complete) current rate:  176 MB/s
09/01-12:16:48.447-0400 Status: 16.5 GB downloaded (98.900% complete) current rate:  161 MB/s
09/01-12:16:50.739-0400 Status: 16.7 GB downloaded (100.000% complete) current rate:  105 MB/s
09/01-12:16:56.085-0400 Downloaded 16.7 GB in 00:02:17.  Overall Rate 122 MB/s
===============================================================================
Elapsed time = 0 days 0 hours 2 minutes 18.0 seconds


GeneTorrent download parameters
===============================
Number of child processes = 24
Maximum network bandwidth = 10000 MB/s
Data transfer timeout     = 10 min
Destination directory     = /tmp/aferreir
CGHub data source         = d171829f-a4d9-41b7-8fce-b3a5cfb1e781

gtdownload command = /usr/bin/gtdownload -t -v --max-children 24 --rate-limit 10000 -k 10 -c https://cghub.ucsc.edu/software/downloads/cghub_public.key -p /tmp/aferreir -d d171829f-a4d9-41b7-8fce-b3a5cfb1e781

09/01-12:18:02.565-0400 Welcome to gtdownload-3.8.3.
09/01-12:18:02.565-0400 Ready to download
09/01-12:18:02.565-0400 Communicating with GT Executive ...        
09/01-12:18:10.686-0400 Status: 7.41 MB downloaded (0.051% complete) current rate:  1.66 MB/s
09/01-12:18:15.705-0400 Status:  254 MB downloaded (1.748% complete) current rate:  30.2 MB/s
09/01-12:18:20.723-0400 Status:  527 MB downloaded (3.624% complete) current rate:  46.7 MB/s
09/01-12:18:25.741-0400 Status:  952 MB downloaded (6.549% complete) current rate:  73.3 MB/s
09/01-12:18:30.756-0400 Status: 1.49 GB downloaded (10.293% complete) current rate:  98.8 MB/s
09/01-12:18:35.772-0400 Status: 2.09 GB downloaded (14.405% complete) current rate:  109 MB/s
09/01-12:18:40.790-0400 Status: 2.69 GB downloaded (18.527% complete) current rate:  116 MB/s
09/01-12:18:45.806-0400 Status: 3.29 GB downloaded (22.650% complete) current rate:  121 MB/s
09/01-12:18:50.821-0400 Status: 3.89 GB downloaded (26.749% complete) current rate:  121 MB/s
09/01-12:18:55.837-0400 Status: 4.55 GB downloaded (31.291% complete) current rate:  128 MB/s
09/01-12:19:00.852-0400 Status: 5.25 GB downloaded (36.097% complete) current rate:  136 MB/s
09/01-12:19:05.867-0400 Status: 5.96 GB downloaded (41.026% complete) current rate:  143 MB/s
09/01-12:19:10.883-0400 Status: 6.66 GB downloaded (45.841% complete) current rate:  140 MB/s
09/01-12:19:15.899-0400 Status: 7.41 GB downloaded (50.965% complete) current rate:  142 MB/s
09/01-12:19:20.915-0400 Status: 8.10 GB downloaded (55.710% complete) current rate:  141 MB/s
09/01-12:19:25.932-0400 Status: 8.81 GB downloaded (60.616% complete) current rate:  142 MB/s
09/01-12:19:30.949-0400 Status: 9.58 GB downloaded (65.891% complete) current rate:  144 MB/s
09/01-12:19:35.967-0400 Status: 10.3 GB downloaded (71.329% complete) current rate:  151 MB/s
09/01-12:19:40.986-0400 Status: 10.9 GB downloaded (75.559% complete) current rate:  135 MB/s
09/01-12:19:46.004-0400 Status: 11.7 GB downloaded (80.826% complete) current rate:  153 MB/s
09/01-12:19:51.021-0400 Status: 12.4 GB downloaded (85.443% complete) current rate:  140 MB/s
09/01-12:19:56.037-0400 Status: 13.1 GB downloaded (90.185% complete) current rate:  127 MB/s
09/01-12:20:01.055-0400 Status: 13.8 GB downloaded (95.013% complete) current rate:  145 MB/s
09/01-12:20:06.073-0400 Status: 14.2 GB downloaded (98.124% complete) current rate:  111 MB/s
09/01-12:20:09.816-0400 Status: 14.5 GB downloaded (99.982% complete) current rate:  77.7 MB/s
09/01-12:20:13.761-0400 Status: 14.5 GB downloaded (100.000% complete) current rate:  20.1 MB/s
09/01-12:20:14.271-0400 Downloaded 14.5 GB in 00:02:12.  Overall Rate 110 MB/s
===============================================================================
Elapsed time = 0 days 0 hours 2 minutes 13.7 seconds


GeneTorrent download parameters
===============================
Number of child processes = 24
Maximum network bandwidth = 10000 MB/s
Data transfer timeout     = 10 min
Destination directory     = /tmp/aferreir
CGHub data source         = df4990cd-2443-48fb-92fe-bf38b7bda265

gtdownload command = /usr/bin/gtdownload -t -v --max-children 24 --rate-limit 10000 -k 10 -c https://cghub.ucsc.edu/software/downloads/cghub_public.key -p /tmp/aferreir -d df4990cd-2443-48fb-92fe-bf38b7bda265

09/01-12:20:16.178-0400 Welcome to gtdownload-3.8.3.
09/01-12:20:16.178-0400 Ready to download
09/01-12:20:16.178-0400 Communicating with GT Executive ...        
09/01-12:20:24.323-0400 Status: 0 bytes downloaded (0.000% complete) current rate:        /s
09/01-12:20:29.345-0400 Status: 0 bytes downloaded (0.000% complete) current rate:        /s
09/01-12:20:34.369-0400 Status: 0 bytes downloaded (0.000% complete) current rate:        /s
09/01-12:20:39.395-0400 Status: 0 bytes downloaded (0.000% complete) current rate:        /s
09/01-12:20:44.419-0400 Status: 12.1 MB downloaded (0.081% complete) current rate:  3.15 MB/s
09/01-12:20:49.438-0400 Status:  282 MB downloaded (1.883% complete) current rate:  38.8 MB/s
09/01-12:20:54.456-0400 Status:  713 MB downloaded (4.764% complete) current rate:  76.9 MB/s
09/01-12:20:59.475-0400 Status: 1.36 GB downloaded (9.124% complete) current rate:  117 MB/s
09/01-12:21:04.496-0400 Status: 2.14 GB downloaded (14.319% complete) current rate:  142 MB/s
09/01-12:21:09.515-0400 Status: 2.94 GB downloaded (19.666% complete) current rate:  156 MB/s
09/01-12:21:14.537-0400 Status: 3.81 GB downloaded (25.441% complete) current rate:  165 MB/s
09/01-12:21:19.559-0400 Status: 4.64 GB downloaded (31.007% complete) current rate:  168 MB/s
09/01-12:21:24.583-0400 Status: 5.49 GB downloaded (36.639% complete) current rate:  167 MB/s
09/01-12:21:29.606-0400 Status: 6.39 GB downloaded (42.676% complete) current rate:  177 MB/s
09/01-12:21:34.627-0400 Status: 7.31 GB downloaded (48.814% complete) current rate:  184 MB/s
09/01-12:21:39.649-0400 Status: 8.18 GB downloaded (54.619% complete) current rate:  179 MB/s
09/01-12:21:44.668-0400 Status: 9.10 GB downloaded (60.765% complete) current rate:  176 MB/s
09/01-12:21:49.688-0400 Status: 9.83 GB downloaded (65.637% complete) current rate:  161 MB/s
09/01-12:21:54.711-0400 Status: 10.7 GB downloaded (71.525% complete) current rate:  169 MB/s
09/01-12:21:59.731-0400 Status: 11.5 GB downloaded (77.117% complete) current rate:  166 MB/s
09/01-12:22:04.754-0400 Status: 12.2 GB downloaded (81.962% complete) current rate:  163 MB/s
09/01-12:22:09.775-0400 Status: 13.0 GB downloaded (86.963% complete) current rate:  145 MB/s
09/01-12:22:14.794-0400 Status: 13.7 GB downloaded (91.747% complete) current rate:  146 MB/s
09/01-12:22:19.814-0400 Status: 14.4 GB downloaded (96.315% complete) current rate:  142 MB/s
09/01-12:22:23.574-0400 Status: 14.9 GB downloaded (100.000% complete) current rate:  135 MB/s
09/01-12:22:29.328-0400 Downloaded 14.9 GB in 00:02:13.  Overall Rate 112 MB/s
===============================================================================
Elapsed time = 0 days 0 hours 2 minutes 13.7 seconds


